<?xml version="1.0" encoding="UTF-8"?>
<testng-results ignored="0" total="1" passed="1" failed="0" skipped="0">
  <reporter-output>
  </reporter-output>
  <suite started-at="2023-08-06T21:18:49 IST" name="Default suite" finished-at="2023-08-06T21:18:50 IST" duration-ms="456">
    <groups>
      <group name="cucumber">
        <method signature="AbstractTestNGCucumberTests.runScenario(io.cucumber.testng.PickleWrapper,io.cucumber.testng.FeatureWrapper)[pri:0, instance:userregistraionrunner.RegistraionRunner@76505305]" name="runScenario" class="io.cucumber.testng.AbstractTestNGCucumberTests"/>
      </group> <!-- cucumber -->
    </groups>
    <test started-at="2023-08-06T21:18:49 IST" name="Default test" finished-at="2023-08-06T21:18:50 IST" duration-ms="456">
      <class name="userregistraionrunner.RegistraionRunner">
        <test-method is-config="true" signature="setUpClass(org.testng.ITestContext)[pri:0, instance:userregistraionrunner.RegistraionRunner@76505305]" started-at="2023-08-06T21:18:49 IST" name="setUpClass" finished-at="2023-08-06T21:18:50 IST" duration-ms="271" status="PASS">
          <params>
            <param index="0">
              <value>
                <![CDATA[org.testng.TestRunner@487db668]]>
              </value>
            </param>
          </params>
          <reporter-output>
          </reporter-output>
        </test-method> <!-- setUpClass -->
        <test-method signature="runScenario(io.cucumber.testng.PickleWrapper,io.cucumber.testng.FeatureWrapper)[pri:0, instance:userregistraionrunner.RegistraionRunner@76505305]" started-at="2023-08-06T21:18:50 IST" name="runScenario" description="Runs Cucumber Scenarios" data-provider="scenarios" finished-at="2023-08-06T21:18:50 IST" duration-ms="123" status="PASS">
          <params>
            <param index="0">
              <value>
                <![CDATA["User registration with various data"]]>
              </value>
            </param>
            <param index="1">
              <value>
                <![CDATA["User Registration"]]>
              </value>
            </param>
          </params>
          <reporter-output>
          </reporter-output>
        </test-method> <!-- runScenario -->
        <test-method is-config="true" signature="tearDownClass()[pri:0, instance:userregistraionrunner.RegistraionRunner@76505305]" started-at="2023-08-06T21:18:50 IST" name="tearDownClass" finished-at="2023-08-06T21:18:50 IST" duration-ms="4" status="PASS">
          <reporter-output>
          </reporter-output>
        </test-method> <!-- tearDownClass -->
      </class> <!-- userregistraionrunner.RegistraionRunner -->
    </test> <!-- Default test -->
  </suite> <!-- Default suite -->
</testng-results>
